[0m15:33:07.989927 [debug] [MainThread]: Sending event: {'category': 'dbt', 'action': 'invocation', 'label': 'start', 'context': [<snowplow_tracker.self_describing_json.SelfDescribingJson object at 0x000001F9E82AEAD0>, <snowplow_tracker.self_describing_json.SelfDescribingJson object at 0x000001F9E7E14F10>, <snowplow_tracker.self_describing_json.SelfDescribingJson object at 0x000001F9E82AF110>]}


============================== 15:33:08.005548 | 2463795b-ca6e-4900-8392-e8c0e07d423a ==============================
[0m15:33:08.005548 [info ] [MainThread]: Running with dbt=1.6.6
[0m15:33:08.005548 [debug] [MainThread]: running dbt with arguments {'printer_width': '80', 'indirect_selection': 'eager', 'log_cache_events': 'False', 'write_json': 'True', 'partial_parse': 'True', 'cache_selected_only': 'False', 'warn_error': 'None', 'debug': 'False', 'fail_fast': 'False', 'log_path': 'logs', 'profiles_dir': 'C:\\Users\\asus\\.dbt', 'version_check': 'True', 'use_colors': 'True', 'use_experimental_parser': 'False', 'no_print': 'None', 'quiet': 'False', 'warn_error_options': 'WarnErrorOptions(include=[], exclude=[])', 'introspect': 'True', 'invocation_command': 'dbt init', 'static_parser': 'True', 'target_path': 'None', 'log_format': 'default', 'send_anonymous_usage_stats': 'True'}
[0m15:33:08.005548 [warn ] [MainThread]: [ConfigFolderDirectory]: Unable to parse dict {'dir': WindowsPath('C:/Users/asus/.dbt')}
[0m15:33:08.005548 [info ] [MainThread]: Creating dbt configuration folder at 
[0m15:33:15.197017 [debug] [MainThread]: Starter project path: C:\Users\asus\miniforge3\envs\dbtcore\Lib\site-packages\dbt\include\starter_project
[0m15:33:15.262408 [info ] [MainThread]: 
Your new dbt project "dbt_duckdb_demo" was created!

For more information on how to configure the profiles.yml file,
please consult the dbt documentation here:

  https://docs.getdbt.com/docs/configure-your-profile

One more thing:

Need help? Don't hesitate to reach out to us via GitHub issues or on Slack:

  https://community.getdbt.com/

Happy modeling!

[0m15:33:15.269404 [info ] [MainThread]: Setting up your profile.
[0m15:33:17.611292 [info ] [MainThread]: Profile dbt_duckdb_demo written to C:\Users\asus\.dbt\profiles.yml using target's sample configuration. Once updated, you'll be able to start developing with dbt.
[0m15:33:17.614289 [debug] [MainThread]: Command `dbt init` succeeded at 15:33:17.614289 after 9.66 seconds
[0m15:33:17.615377 [debug] [MainThread]: Sending event: {'category': 'dbt', 'action': 'invocation', 'label': 'end', 'context': [<snowplow_tracker.self_describing_json.SelfDescribingJson object at 0x000001F9E7E14F10>, <snowplow_tracker.self_describing_json.SelfDescribingJson object at 0x000001F9E15EEA90>, <snowplow_tracker.self_describing_json.SelfDescribingJson object at 0x000001F9E7E9ED90>]}
[0m15:33:17.615377 [debug] [MainThread]: Flushing usage events
[0m09:51:12.416908 [debug] [MainThread]: Sending event: {'category': 'dbt', 'action': 'invocation', 'label': 'start', 'context': [<snowplow_tracker.self_describing_json.SelfDescribingJson object at 0x000001EFD97618D0>, <snowplow_tracker.self_describing_json.SelfDescribingJson object at 0x000001EFD7B93210>, <snowplow_tracker.self_describing_json.SelfDescribingJson object at 0x000001EFDA527790>]}


============================== 09:51:12.428627 | 0bbb45fd-35ff-459b-a6a8-f4ff44bd4ff9 ==============================
[0m09:51:12.428627 [info ] [MainThread]: Running with dbt=1.6.6
[0m09:51:12.430628 [debug] [MainThread]: running dbt with arguments {'printer_width': '80', 'indirect_selection': 'eager', 'log_cache_events': 'False', 'write_json': 'True', 'partial_parse': 'True', 'cache_selected_only': 'False', 'warn_error': 'None', 'fail_fast': 'False', 'profiles_dir': 'C:\\Users\\asus\\.dbt', 'log_path': 'logs', 'debug': 'False', 'version_check': 'True', 'use_colors': 'True', 'use_experimental_parser': 'False', 'no_print': 'None', 'quiet': 'False', 'log_format': 'default', 'introspect': 'True', 'static_parser': 'True', 'invocation_command': 'dbt seed', 'target_path': 'None', 'warn_error_options': 'WarnErrorOptions(include=[], exclude=[])', 'send_anonymous_usage_stats': 'True'}
[0m09:51:12.432624 [error] [MainThread]: Encountered an error:
Runtime Error
  No dbt_project.yml found at expected path C:\Users\asus\Desktop\GitHub\dbt-core\dbt_project.yml
  Verify that each entry within packages.yml (and their transitive dependencies) contains a file named dbt_project.yml
  
[0m09:51:12.435626 [debug] [MainThread]: Command `dbt seed` failed at 09:51:12.434627 after 0.08 seconds
[0m09:51:12.436626 [debug] [MainThread]: Sending event: {'category': 'dbt', 'action': 'invocation', 'label': 'end', 'context': [<snowplow_tracker.self_describing_json.SelfDescribingJson object at 0x000001EFD3A5CC90>, <snowplow_tracker.self_describing_json.SelfDescribingJson object at 0x000001EFDA51DE10>, <snowplow_tracker.self_describing_json.SelfDescribingJson object at 0x000001EFDA51F750>]}
[0m09:51:12.437624 [debug] [MainThread]: Flushing usage events
[0m10:36:19.441646 [debug] [MainThread]: Sending event: {'category': 'dbt', 'action': 'invocation', 'label': 'start', 'context': [<snowplow_tracker.self_describing_json.SelfDescribingJson object at 0x000002481305BFD0>, <snowplow_tracker.self_describing_json.SelfDescribingJson object at 0x000002481304A090>, <snowplow_tracker.self_describing_json.SelfDescribingJson object at 0x000002480C3B3A10>]}


============================== 10:36:19.451642 | 0ca50e2b-a410-4eed-b181-8b25d21ed7dc ==============================
[0m10:36:19.451642 [info ] [MainThread]: Running with dbt=1.6.6
[0m10:36:19.454642 [debug] [MainThread]: running dbt with arguments {'printer_width': '80', 'indirect_selection': 'eager', 'log_cache_events': 'False', 'write_json': 'True', 'partial_parse': 'True', 'cache_selected_only': 'False', 'warn_error': 'None', 'debug': 'False', 'profiles_dir': 'C:\\Users\\asus\\Desktop\\GitHub\\dbt-core', 'log_path': 'logs', 'version_check': 'True', 'fail_fast': 'False', 'use_colors': 'True', 'use_experimental_parser': 'False', 'no_print': 'None', 'quiet': 'False', 'log_format': 'default', 'invocation_command': 'dbt init', 'introspect': 'True', 'warn_error_options': 'WarnErrorOptions(include=[], exclude=[])', 'target_path': 'None', 'static_parser': 'True', 'send_anonymous_usage_stats': 'True'}
[0m10:39:12.767581 [debug] [MainThread]: Starter project path: C:\Users\asus\miniforge3\envs\dbtcore\Lib\site-packages\dbt\include\starter_project
[0m10:39:12.872995 [info ] [MainThread]: 
Your new dbt project "dbt_duckdb_kaggle_challenge" was created!

For more information on how to configure the profiles.yml file,
please consult the dbt documentation here:

  https://docs.getdbt.com/docs/configure-your-profile

One more thing:

Need help? Don't hesitate to reach out to us via GitHub issues or on Slack:

  https://community.getdbt.com/

Happy modeling!

[0m10:39:12.877004 [info ] [MainThread]: Setting up your profile.
[0m10:39:17.917147 [debug] [MainThread]: Command `dbt init` succeeded at 10:39:17.916148 after 178.53 seconds
[0m10:39:17.919145 [debug] [MainThread]: Sending event: {'category': 'dbt', 'action': 'invocation', 'label': 'end', 'context': [<snowplow_tracker.self_describing_json.SelfDescribingJson object at 0x0000024812922610>, <snowplow_tracker.self_describing_json.SelfDescribingJson object at 0x00000248122B9BD0>, <snowplow_tracker.self_describing_json.SelfDescribingJson object at 0x000002480C3B3B10>]}
[0m10:39:17.920146 [debug] [MainThread]: Flushing usage events
[0m11:21:12.834320 [debug] [MainThread]: Sending event: {'category': 'dbt', 'action': 'invocation', 'label': 'start', 'context': [<snowplow_tracker.self_describing_json.SelfDescribingJson object at 0x000001AAE0863FD0>, <snowplow_tracker.self_describing_json.SelfDescribingJson object at 0x000001AAE085B150>, <snowplow_tracker.self_describing_json.SelfDescribingJson object at 0x000001AADFA9A590>]}


============================== 11:21:12.843322 | fb25de7b-194c-4534-afae-ebcee30e36c8 ==============================
[0m11:21:12.843322 [info ] [MainThread]: Running with dbt=1.6.6
[0m11:21:12.845323 [debug] [MainThread]: running dbt with arguments {'printer_width': '80', 'indirect_selection': 'eager', 'write_json': 'True', 'log_cache_events': 'False', 'partial_parse': 'True', 'cache_selected_only': 'False', 'warn_error': 'None', 'fail_fast': 'False', 'version_check': 'True', 'log_path': 'logs', 'debug': 'False', 'profiles_dir': 'C:\\Users\\asus\\Desktop\\GitHub\\dbt-core', 'use_colors': 'True', 'use_experimental_parser': 'False', 'no_print': 'None', 'quiet': 'False', 'warn_error_options': 'WarnErrorOptions(include=[], exclude=[])', 'invocation_command': 'dbt deps', 'introspect': 'True', 'log_format': 'default', 'target_path': 'None', 'static_parser': 'True', 'send_anonymous_usage_stats': 'True'}
[0m11:21:12.847323 [error] [MainThread]: Encountered an error:
Runtime Error
  No dbt_project.yml found at expected path C:\Users\asus\Desktop\GitHub\dbt-core\dbt_project.yml
  Verify that each entry within packages.yml (and their transitive dependencies) contains a file named dbt_project.yml
  
[0m11:21:12.850323 [debug] [MainThread]: Command `dbt deps` failed at 11:21:12.849323 after 0.08 seconds
[0m11:21:12.851321 [debug] [MainThread]: Sending event: {'category': 'dbt', 'action': 'invocation', 'label': 'end', 'context': [<snowplow_tracker.self_describing_json.SelfDescribingJson object at 0x000001AADE1D9BD0>, <snowplow_tracker.self_describing_json.SelfDescribingJson object at 0x000001AAE086C150>, <snowplow_tracker.self_describing_json.SelfDescribingJson object at 0x000001AAE086F550>]}
[0m11:21:12.852323 [debug] [MainThread]: Flushing usage events
